# JRE version: OpenJDK Runtime Environment (21.0.2+13) (build 21.0.2+13-58)
# Java VM: OpenJDK 64-Bit Server VM (21.0.2+13-58, mixed mode, emulated-client, sharing, tiered, compressed oops, compressed class ptrs, g1 gc, windows-amd64)
GC Precious Log:
 CardTable entry size: 512
 Card Set container configuration: InlinePtr #cards 5 size 8 Array Of Cards #cards 12 size 40 Howl #buckets 4 coarsen threshold 1843 Howl Bitmap #cards 512 size 80 coarsen threshold 460 Card regions per heap region 1 cards per card region 2048
 CPUs: 12 total, 12 available
 Memory: 7501M
 Large Page Support: Disabled
 NUMA Support: Disabled
 Compressed Oops: Enabled (32-bit)
 Heap Region Size: 1M
 Heap Min Capacity: 8M
 Heap Initial Capacity: 118M
 Heap Max Capacity: 1876M
 Pre-touch: Disabled
 Parallel Workers: 10
 Concurrent Workers: 3
 Concurrent Refinement Workers: 10
 Periodic GC: Disabled
Heap:
 garbage-first heap   total 49152K, used 21023K [0x000000008ac00000, 0x0000000100000000)
  region size 1024K, 5 young (5120K), 3 survivors (3072K)
 Metaspace       used 36775K, committed 37376K, reserved 1114112K
  class space    used 4883K, committed 5184K, reserved 1048576K
GC Heap History (18 events):
Event: 2.430 GC heap before
{Heap before GC invocations=0 (full 0):
 garbage-first heap   total 120832K, used 22528K [0x000000008ac00000, 0x0000000100000000)
  region size 1024K, 23 young (23552K), 0 survivors (0K)
 Metaspace       used 6631K, committed 6848K, reserved 1114112K
  class space    used 740K, committed 896K, reserved 1048576K
}
Event: 2.437 GC heap after
{Heap after GC invocations=1 (full 0):
 garbage-first heap   total 120832K, used 4969K [0x000000008ac00000, 0x0000000100000000)
  region size 1024K, 3 young (3072K), 3 survivors (3072K)
 Metaspace       used 6631K, committed 6848K, reserved 1114112K
  class space    used 740K, committed 896K, reserved 1048576K
}
Event: 2.992 GC heap before
{Heap before GC invocations=1 (full 0):
 garbage-first heap   total 120832K, used 35689K [0x000000008ac00000, 0x0000000100000000)
  region size 1024K, 33 young (33792K), 3 survivors (3072K)
 Metaspace       used 12666K, committed 12992K, reserved 1114112K
  class space    used 1685K, committed 1856K, reserved 1048576K
}
Event: 2.997 GC heap after
{Heap after GC invocations=2 (full 0):
 garbage-first heap   total 120832K, used 7690K [0x000000008ac00000, 0x0000000100000000)
  region size 1024K, 3 young (3072K), 3 survivors (3072K)
 Metaspace       used 12666K, committed 12992K, reserved 1114112K
  class space    used 1685K, committed 1856K, reserved 1048576K
}
Event: 3.406 GC heap before
{Heap before GC invocations=2 (full 0):
 garbage-first heap   total 120832K, used 49674K [0x000000008ac00000, 0x0000000100000000)
  region size 1024K, 46 young (47104K), 3 survivors (3072K)
 Metaspace       used 20465K, committed 20864K, reserved 1114112K
  class space    used 2680K, committed 2880K, reserved 1048576K
}
Event: 3.412 GC heap after
{Heap after GC invocations=3 (full 0):
 garbage-first heap   total 120832K, used 10781K [0x000000008ac00000, 0x0000000100000000)
  region size 1024K, 6 young (6144K), 6 survivors (6144K)
 Metaspace       used 20465K, committed 20864K, reserved 1114112K
  class space    used 2680K, committed 2880K, reserved 1048576K
}
Event: 3.712 GC heap before
{Heap before GC invocations=4 (full 0):
 garbage-first heap   total 40960K, used 29213K [0x000000008ac00000, 0x0000000100000000)
  region size 1024K, 24 young (24576K), 6 survivors (6144K)
 Metaspace       used 22108K, committed 22464K, reserved 1114112K
  class space    used 2922K, committed 3072K, reserved 1048576K
}
Event: 3.720 GC heap after
{Heap after GC invocations=5 (full 0):
 garbage-first heap   total 40960K, used 11868K [0x000000008ac00000, 0x0000000100000000)
  region size 1024K, 2 young (2048K), 2 survivors (2048K)
 Metaspace       used 22108K, committed 22464K, reserved 1114112K
  class space    used 2922K, committed 3072K, reserved 1048576K
}
Event: 4.096 GC heap before
{Heap before GC invocations=5 (full 0):
 garbage-first heap   total 40960K, used 32348K [0x000000008ac00000, 0x0000000100000000)
  region size 1024K, 22 young (22528K), 2 survivors (2048K)
 Metaspace       used 25608K, committed 26112K, reserved 1114112K
  class space    used 3400K, committed 3648K, reserved 1048576K
}
Event: 4.102 GC heap after
{Heap after GC invocations=6 (full 0):
 garbage-first heap   total 40960K, used 13312K [0x000000008ac00000, 0x0000000100000000)
  region size 1024K, 3 young (3072K), 3 survivors (3072K)
 Metaspace       used 25608K, committed 26112K, reserved 1114112K
  class space    used 3400K, committed 3648K, reserved 1048576K
}
Event: 5.030 GC heap before
{Heap before GC invocations=6 (full 0):
 garbage-first heap   total 40960K, used 32768K [0x000000008ac00000, 0x0000000100000000)
  region size 1024K, 22 young (22528K), 3 survivors (3072K)
 Metaspace       used 28499K, committed 29056K, reserved 1114112K
  class space    used 3790K, committed 4032K, reserved 1048576K
}
Event: 5.034 GC heap after
{Heap after GC invocations=7 (full 0):
 garbage-first heap   total 40960K, used 15577K [0x000000008ac00000, 0x0000000100000000)
  region size 1024K, 3 young (3072K), 3 survivors (3072K)
 Metaspace       used 28499K, committed 29056K, reserved 1114112K
  class space    used 3790K, committed 4032K, reserved 1048576K
}
Event: 21.515 GC heap before
{Heap before GC invocations=7 (full 0):
 garbage-first heap   total 40960K, used 31961K [0x000000008ac00000, 0x0000000100000000)
  region size 1024K, 20 young (20480K), 3 survivors (3072K)
 Metaspace       used 31315K, committed 31872K, reserved 1114112K
  class space    used 4219K, committed 4480K, reserved 1048576K
}
Event: 21.521 GC heap after
{Heap after GC invocations=8 (full 0):
 garbage-first heap   total 40960K, used 17666K [0x000000008ac00000, 0x0000000100000000)
  region size 1024K, 3 young (3072K), 3 survivors (3072K)
 Metaspace       used 31315K, committed 31872K, reserved 1114112K
  class space    used 4219K, committed 4480K, reserved 1048576K
}
Event: 21.743 GC heap before
{Heap before GC invocations=8 (full 0):
 garbage-first heap   total 40960K, used 24834K [0x000000008ac00000, 0x0000000100000000)
  region size 1024K, 12 young (12288K), 3 survivors (3072K)
 Metaspace       used 34296K, committed 34816K, reserved 1114112K
  class space    used 4526K, committed 4800K, reserved 1048576K
}
Event: 21.747 GC heap after
{Heap after GC invocations=9 (full 0):
 garbage-first heap   total 40960K, used 18814K [0x000000008ac00000, 0x0000000100000000)
  region size 1024K, 2 young (2048K), 2 survivors (2048K)
 Metaspace       used 34296K, committed 34816K, reserved 1114112K
  class space    used 4526K, committed 4800K, reserved 1048576K
}
Event: 22.141 GC heap before
{Heap before GC invocations=10 (full 0):
 garbage-first heap   total 40960K, used 33150K [0x000000008ac00000, 0x0000000100000000)
  region size 1024K, 17 young (17408K), 2 survivors (2048K)
 Metaspace       used 36762K, committed 37376K, reserved 1114112K
  class space    used 4881K, committed 5184K, reserved 1048576K
}
Event: 22.144 GC heap after
{Heap after GC invocations=11 (full 0):
 garbage-first heap   total 49152K, used 21023K [0x000000008ac00000, 0x0000000100000000)
  region size 1024K, 3 young (3072K), 3 survivors (3072K)
 Metaspace       used 36762K, committed 37376K, reserved 1114112K
  class space    used 4881K, committed 5184K, reserved 1048576K
}

