# JRE version: OpenJDK Runtime Environment (21.0.2+13) (build 21.0.2+13-58)
# Java VM: OpenJDK 64-Bit Server VM (21.0.2+13-58, mixed mode, emulated-client, sharing, tiered, compressed oops, compressed class ptrs, g1 gc, windows-amd64)
GC Precious Log:
 CardTable entry size: 512
 Card Set container configuration: InlinePtr #cards 5 size 8 Array Of Cards #cards 12 size 40 Howl #buckets 4 coarsen threshold 1843 Howl Bitmap #cards 512 size 80 coarsen threshold 460 Card regions per heap region 1 cards per card region 2048
 CPUs: 12 total, 12 available
 Memory: 7501M
 Large Page Support: Disabled
 NUMA Support: Disabled
 Compressed Oops: Enabled (32-bit)
 Heap Region Size: 1M
 Heap Min Capacity: 8M
 Heap Initial Capacity: 118M
 Heap Max Capacity: 1876M
 Pre-touch: Disabled
 Parallel Workers: 10
 Concurrent Workers: 3
 Concurrent Refinement Workers: 10
 Periodic GC: Disabled
Heap:
 garbage-first heap   total 49152K, used 40354K [0x000000008ac00000, 0x0000000100000000)
  region size 1024K, 26 young (26624K), 4 survivors (4096K)
 Metaspace       used 37056K, committed 37696K, reserved 1114112K
  class space    used 4914K, committed 5184K, reserved 1048576K
GC Heap History (16 events):
Event: 2.127 GC heap before
{Heap before GC invocations=0 (full 0):
 garbage-first heap   total 120832K, used 23552K [0x000000008ac00000, 0x0000000100000000)
  region size 1024K, 23 young (23552K), 0 survivors (0K)
 Metaspace       used 6176K, committed 6400K, reserved 1114112K
  class space    used 694K, committed 832K, reserved 1048576K
}
Event: 2.134 GC heap after
{Heap after GC invocations=1 (full 0):
 garbage-first heap   total 120832K, used 4852K [0x000000008ac00000, 0x0000000100000000)
  region size 1024K, 3 young (3072K), 3 survivors (3072K)
 Metaspace       used 6176K, committed 6400K, reserved 1114112K
  class space    used 694K, committed 832K, reserved 1048576K
}
Event: 2.613 GC heap before
{Heap before GC invocations=1 (full 0):
 garbage-first heap   total 120832K, used 35572K [0x000000008ac00000, 0x0000000100000000)
  region size 1024K, 33 young (33792K), 3 survivors (3072K)
 Metaspace       used 12588K, committed 12992K, reserved 1114112K
  class space    used 1674K, committed 1856K, reserved 1048576K
}
Event: 2.618 GC heap after
{Heap after GC invocations=2 (full 0):
 garbage-first heap   total 120832K, used 7481K [0x000000008ac00000, 0x0000000100000000)
  region size 1024K, 3 young (3072K), 3 survivors (3072K)
 Metaspace       used 12588K, committed 12992K, reserved 1114112K
  class space    used 1674K, committed 1856K, reserved 1048576K
}
Event: 2.951 GC heap before
{Heap before GC invocations=2 (full 0):
 garbage-first heap   total 120832K, used 49465K [0x000000008ac00000, 0x0000000100000000)
  region size 1024K, 46 young (47104K), 3 survivors (3072K)
 Metaspace       used 20410K, committed 20864K, reserved 1114112K
  class space    used 2672K, committed 2880K, reserved 1048576K
}
Event: 2.957 GC heap after
{Heap after GC invocations=3 (full 0):
 garbage-first heap   total 120832K, used 10724K [0x000000008ac00000, 0x0000000100000000)
  region size 1024K, 6 young (6144K), 6 survivors (6144K)
 Metaspace       used 20410K, committed 20864K, reserved 1114112K
  class space    used 2672K, committed 2880K, reserved 1048576K
}
Event: 3.249 GC heap before
{Heap before GC invocations=4 (full 0):
 garbage-first heap   total 40960K, used 29156K [0x000000008ac00000, 0x0000000100000000)
  region size 1024K, 24 young (24576K), 6 survivors (6144K)
 Metaspace       used 22028K, committed 22400K, reserved 1114112K
  class space    used 2914K, committed 3072K, reserved 1048576K
}
Event: 3.257 GC heap after
{Heap after GC invocations=5 (full 0):
 garbage-first heap   total 40960K, used 11807K [0x000000008ac00000, 0x0000000100000000)
  region size 1024K, 2 young (2048K), 2 survivors (2048K)
 Metaspace       used 22028K, committed 22400K, reserved 1114112K
  class space    used 2914K, committed 3072K, reserved 1048576K
}
Event: 3.571 GC heap before
{Heap before GC invocations=5 (full 0):
 garbage-first heap   total 40960K, used 32287K [0x000000008ac00000, 0x0000000100000000)
  region size 1024K, 22 young (22528K), 2 survivors (2048K)
 Metaspace       used 25565K, committed 26048K, reserved 1114112K
  class space    used 3397K, committed 3648K, reserved 1048576K
}
Event: 3.577 GC heap after
{Heap after GC invocations=6 (full 0):
 garbage-first heap   total 40960K, used 13199K [0x000000008ac00000, 0x0000000100000000)
  region size 1024K, 3 young (3072K), 3 survivors (3072K)
 Metaspace       used 25565K, committed 26048K, reserved 1114112K
  class space    used 3397K, committed 3648K, reserved 1048576K
}
Event: 4.118 GC heap before
{Heap before GC invocations=6 (full 0):
 garbage-first heap   total 40960K, used 31631K [0x000000008ac00000, 0x0000000100000000)
  region size 1024K, 22 young (22528K), 3 survivors (3072K)
 Metaspace       used 28389K, committed 28864K, reserved 1114112K
  class space    used 3781K, committed 4032K, reserved 1048576K
}
Event: 4.124 GC heap after
{Heap after GC invocations=7 (full 0):
 garbage-first heap   total 40960K, used 15492K [0x000000008ac00000, 0x0000000100000000)
  region size 1024K, 3 young (3072K), 3 survivors (3072K)
 Metaspace       used 28389K, committed 28864K, reserved 1114112K
  class space    used 3781K, committed 4032K, reserved 1048576K
}
Event: 4.513 GC heap before
{Heap before GC invocations=7 (full 0):
 garbage-first heap   total 40960K, used 32900K [0x000000008ac00000, 0x0000000100000000)
  region size 1024K, 20 young (20480K), 3 survivors (3072K)
 Metaspace       used 32199K, committed 32768K, reserved 1114112K
  class space    used 4278K, committed 4480K, reserved 1048576K
}
Event: 4.518 GC heap after
{Heap after GC invocations=8 (full 0):
 garbage-first heap   total 49152K, used 17390K [0x000000008ac00000, 0x0000000100000000)
  region size 1024K, 2 young (2048K), 2 survivors (2048K)
 Metaspace       used 32199K, committed 32768K, reserved 1114112K
  class space    used 4278K, committed 4480K, reserved 1048576K
}
Event: 4.620 GC heap before
{Heap before GC invocations=8 (full 0):
 garbage-first heap   total 49152K, used 23534K [0x000000008ac00000, 0x0000000100000000)
  region size 1024K, 10 young (10240K), 2 survivors (2048K)
 Metaspace       used 34266K, committed 34816K, reserved 1114112K
  class space    used 4488K, committed 4736K, reserved 1048576K
}
Event: 4.625 GC heap after
{Heap after GC invocations=9 (full 0):
 garbage-first heap   total 49152K, used 18850K [0x000000008ac00000, 0x0000000100000000)
  region size 1024K, 4 young (4096K), 4 survivors (4096K)
 Metaspace       used 34266K, committed 34816K, reserved 1114112K
  class space    used 4488K, committed 4736K, reserved 1048576K
}

